2015-10-05 22:31:52
Import start

2015-10-05 22:32:10
Import start

Sorry, that username already exists!
Failed to create new user for admin. Their posts will be attributed to the current user
Media "sound1" already exists
Media "sound2" already exists
Media "video1" already exists
Media "video2" already exists
Media "video3" already exists
Media "icon-twitter" already exists
Media "icon-facebook" already exists
Media "icon-youtube" already exists
Media "post-1" already exists
Media "post-2" already exists
Media "post-3" already exists
Media "post-4" already exists
Media "post-5" already exists
Media "testi-1" already exists
Media "testi-2" already exists
Media "testi-3" already exists
Media "page2-img1" already exists
Media "gallery-1" already exists
Media "gallery-2" already exists
Media "gallery-3" already exists
FAQs "Maecenas tristique orci ac sem. Duis ultricihre tra magnauae ab illo inventoa ster port rsen maet jhaslelu misleui portau?" already exists
FAQs "Fusce feugiat malesuada odio. Morbi nunc odio gravida atcursus neluctus a lorem. Maecenas tristiqu?" already exists
FAQs "Odio gravida atcursus neluctus a lorem. Maecenas tristiqu sters port rsen mate haslelu milsie quqn smetsre?" already exists
FAQs "Duis ultricies pharetra magna. Donec accumsan malesuada orcinec sit amet eros. Lorem ipsum dolo?" already exists
FAQs "Maecenas tristique orci ac sem. Duis ultricihre tra magnauae ab illo inventoa ster port rsen maet jhaslelu misleui portau?" already exists
FAQs "Fusce feugiat malesuada odio. Morbi nunc odio gravida atcursus neluctus a lorem. Maecenas tristiqu?" already exists
FAQs "Odio gravida atcursus neluctus a lorem. Maecenas tristiqu sters port rsen mate haslelu milsie quqn smetsre?" already exists
Media "gallery-4" already exists
Media "gallery-5" already exists
Media "gallery-6" already exists
Media "gallery-7" already exists
Media "gallery-8" already exists
Media "gallery-9" already exists
Media "gallery-10" already exists
Media "gallery-11" already exists
Media "gallery-12" already exists
Page "Gallery" already exists
Theme Options Media "Body Background" already exists
Theme Options Media "Logo Url" already exists
Theme Options Media "Favicon" already exists
Page "About" already exists
Page "FAQs" already exists
Page "Contacts" already exists
Page "Blog" already exists
Page "Privacy Policy" already exists
Page "Home" already exists
Page "Testimonials" already exists
Page "Archives" already exists
Portfolio "Sed blandit massa vel" already exists
Portfolio "Donec tellus leo" already exists
Portfolio "Suspendisse arcu nisl" already exists
Portfolio "Feugiat vitae leo" already exists
2015-10-05 22:32:12

Import end

Portfolio "Malesuada fames ac" already exists
Portfolio "In faucibus" already exists
Portfolio "In faucibus risus" already exists
Page "Gallery 2" already exists
Page "Gallery 3" already exists
Page "Gallery 4" already exists
Page "Category 1" already exists
Page "Category 2" already exists
Page "Category 3" already exists
Post "tempor incididunt ut labore et dolore magna aliqua" already exists
Post "Phasellus fringilla" already exists
Post "Etiam dictum egestas" already exists
Post "Lorem ipsum dolor sit amet conse ctetur" already exists
Post "adipisicing elit sed do eiusmod tempor incididunt" already exists
Post "Aside post" already exists
Post "Link post format" already exists
Post "Quote post format" already exists
Post "Image format post" already exists
Post "Gallery post format" already exists
Post "Audio post format" already exists
Portfolio "Image Format" already exists
Portfolio "Slideshow Format" already exists
Portfolio "Gallery Format" already exists
Portfolio "Video Format" already exists
Portfolio "Audio Format" already exists
Portfolio "Sodales orci et" already exists
Post "YouTube Video" already exists
Post "Video post type" already exists
Post "Vimeo Video" already exists
Post "Excepteur sint occaecat" already exists
Post "Lorem ipsum dolor sit" already exists
Testimonial "Testimonial #1" already exists
Testimonial "Testimonial #2" already exists
Testimonial "Testimonial #3" already exists
Contact Form "Cherry contact form" already exists
2015-10-05 22:32:16

Import end

